Start testing: Aug 12 00:44 MSK
----------------------------------------------------------
1/1 Testing: Test1
1/1 Test: Test1
Command: "/home/fbdn/PlotnikovAleksey/workspace/my_example/_build/tests"
Directory: /home/fbdn/PlotnikovAleksey/workspace/my_example/_build
"Test1" start time: Aug 12 00:44 MSK
Output:
----------------------------------------------------------
Running main() from /home/fbdn/PlotnikovAleksey/workspace/my_example/third-party/gtest/googletest/src/gtest_main.cc
[==========] Running 1 test from 1 test case.
[----------] Global test environment set-up.
[----------] 1 test from very
[ RUN      ] very.simple
[       OK ] very.simple (0 ms)
[----------] 1 test from very (0 ms total)

[----------] Global test environment tear-down
[==========] 1 test from 1 test case ran. (0 ms total)
[  PASSED  ] 1 test.
<end of output>
Test time =   0.00 sec
----------------------------------------------------------
Test Passed.
"Test1" end time: Aug 12 00:44 MSK
"Test1" time elapsed: 00:00:00
----------------------------------------------------------

End testing: Aug 12 00:44 MSK
